<?xml version="1.0" encoding="UTF-8"?>
<testng-results skipped="0" failed="0" ignored="0" total="1" passed="1">
  <reporter-output>
  </reporter-output>
  <suite name="Suite" duration-ms="62" started-at="2018-09-10T05:45:55Z" finished-at="2018-09-10T05:45:55Z">
    <groups>
    </groups>
    <test name="Test" duration-ms="62" started-at="2018-09-10T05:45:55Z" finished-at="2018-09-10T05:45:55Z">
      <class name="com.nxt.selenium.demo">
        <test-method status="PASS" signature="print()[pri:0, instance:com.nxt.selenium.demo@5f3a4b84]" name="print" duration-ms="16" started-at="2018-09-10T05:45:55Z" finished-at="2018-09-10T05:45:55Z">
          <reporter-output>
          </reporter-output>
        </test-method> <!-- print -->
      </class> <!-- com.nxt.selenium.demo -->
    </test> <!-- Test -->
  </suite> <!-- Suite -->
</testng-results>
